<?xml version="1.0" encoding="UTF-8"?>
<!-- Generated by org.testng.reporters.JUnitXMLReporter -->
<testsuite ignored="0" hostname="MSI" failures="0" tests="4" name="Test" time="30.086" errors="0" timestamp="2021-12-23T08:13:13 IST">
  <testcase classname="tests.TwoTest" name="testTwo" time="0.003"/>
  <testcase classname="tests.ThreeTest" name="testThree" time="0.0"/>
  <testcase classname="tests.LoginTest" name="login" time="4.032"/>
  <testcase classname="tests.LoginTest" name="login" time="11.795"/>
</testsuite> <!-- Test -->
